<?xml version="1.0" encoding="UTF-8"?>
<!-- Generated by org.testng.reporters.JUnitReportReporter -->
<testsuite hostname="SM-LTP-291" failures="0" tests="1" name="Test_VOR_pages.Test_Add_new" time="49.308" errors="0" timestamp="2023-07-19T17:52:10 IST" skipped="0">
  <testcase classname="Test_VOR_pages.Test_Add_new" name="Add_new_test" time="49.308"/>
  <system-out/>
</testsuite> <!-- Test_VOR_pages.Test_Add_new -->
