<?xml version="1.0" encoding="UTF-8"?>
<!-- Generated by org.testng.reporters.JUnitReportReporter -->
<testsuite hostname="DESKTOP-SORBGDG" failures="0" tests="1" name="Test_VOR_pages.Test_login_For_VOR" time="18.544" errors="0" timestamp="11 Jul 2023 14:20:31 GMT" skipped="0">
  <testcase classname="Test_VOR_pages.Test_login_For_VOR" name="Testfor_login" time="18.544"/>
</testsuite> <!-- Test_VOR_pages.Test_login_For_VOR -->
