<?xml version="1.0" encoding="UTF-8"?>
<!-- Generated by org.testng.reporters.JUnitReportReporter -->
<testsuite hostname="SM-LTP-291" failures="0" tests="1" name="Test_VOR_pages.Test_Homepage" time="45.895" errors="0" timestamp="2023-07-14T14:31:06 IST" skipped="0">
  <testcase classname="Test_VOR_pages.Test_Homepage" name="homepagetest" time="45.895"/>
  <system-out/>
</testsuite> <!-- Test_VOR_pages.Test_Homepage -->
