<?xml version="1.0" encoding="UTF-8"?>
<!-- Generated by org.testng.reporters.JUnitReportReporter -->
<testsuite hostname="DESKTOP-SORBGDG" failures="0" tests="1" name="Test_VOR_pages.Test_Homepage" time="43.595" errors="0" timestamp="2023-07-12T21:44:03 IST" skipped="0">
  <testcase classname="Test_VOR_pages.Test_Homepage" name="homepagetest" time="43.595"/>
  <system-out/>
</testsuite> <!-- Test_VOR_pages.Test_Homepage -->
