<?xml version="1.0" encoding="UTF-8"?>
<!-- Generated by org.testng.reporters.JUnitReportReporter -->
<testsuite hostname="DESKTOP-SORBGDG" failures="0" tests="1" name="VOR_Base.VOR_Base_Class" time="7.308" errors="0" timestamp="09 Jul 2023 13:22:10 GMT" skipped="0">
  <testcase classname="VOR_Base.VOR_Base_Class" name="get_page_title" time="7.308"/>
</testsuite> <!-- VOR_Base.VOR_Base_Class -->
